<?xml version="1.0" encoding="UTF-8"?>
<!-- Generated by org.testng.reporters.JUnitReportReporter -->
<testsuite hostname="DESKTOP-1GBCV1K" failures="0" tests="3" name="test.CategoryTest" time="15.959" errors="0" timestamp="30 Aug 2021 06:14:13 GMT" skipped="0">
  <testcase classname="test.CategoryTest" name="addCategory" time="7.633"/>
  <testcase classname="test.CategoryTest" name="addDuplicateCategory" time="4.919"/>
  <testcase classname="test.CategoryTest" name="verifyAllMonthsExist" time="3.407"/>
</testsuite> <!-- test.CategoryTest -->
